\BOOKMARK [0][-]{chapter*.1}{\376\377\000L\036\334\000I\000\040\000C\000A\000M\000\040\001\020\000O\000A\000N}{}% 1
\BOOKMARK [0][-]{chapter*.2}{\376\377\000T\000\323\000M\000\040\000T\036\256\000T}{}% 2
\BOOKMARK [0][-]{chapter*.3}{\376\377\000A\000B\000S\000T\000R\000A\000C\000T}{}% 3
\BOOKMARK [0][-]{chapter*.4}{\376\377\000L\036\334\000I\000\040\000C\036\242\000M\000\040\001\240\000N}{}% 4
\BOOKMARK [0][-]{chapter*.4}{\376\377\000D\000A\000N\000H\000\040\000S\000\301\000C\000H\000\040\000H\000\314\000N\000H\000\040\000V\036\274}{}% 5
\BOOKMARK [0][-]{chapter*.4}{\376\377\000D\000A\000N\000H\000\040\000S\000\301\000C\000H\000\040\000B\036\242\000N\000G\000\040\000B\000I\036\302\000U}{}% 6
\BOOKMARK [0][-]{chapter.1}{\376\377\000G\000I\036\332\000I\000\040\000T\000H\000I\036\306\000U\000\040\000C\000H\000U\000N\000G}{}% 7
\BOOKMARK [1][-]{section.1.1}{\376\377\001\020\036\267\000t\000\040\000v\036\245\000n\000\040\001\021\036\301}{chapter.1}% 8
\BOOKMARK [1][-]{section.1.2}{\376\377\000M\036\345\000c\000\040\000t\000i\000\352\000u\000\040\000n\000g\000h\000i\000\352\000n\000\040\000c\036\351\000u}{chapter.1}% 9
\BOOKMARK [1][-]{section.1.3}{\376\377\001\020\000\363\000n\000g\000\040\000g\000\363\000p\000\040\000c\036\347\000a\000\040\000n\000g\000h\000i\000\352\000n\000\040\000c\036\351\000u}{chapter.1}% 10
\BOOKMARK [1][-]{section.1.4}{\376\377\000C\036\245\000u\000\040\000t\000r\000\372\000c\000\040\000l\000u\036\255\000n\000\040\000v\001\003\000n}{chapter.1}% 11
\BOOKMARK [0][-]{chapter.2}{\376\377\000T\036\324\000N\000G\000\040\000Q\000U\000A\000N\000\040\000N\000G\000H\000I\000\312\000N\000\040\000C\036\350\000U\000\040\000L\000I\000\312\000N\000\040\000Q\000U\000A\000N}{}% 12
\BOOKMARK [1][-]{section.2.1}{\376\377\000G\000i\036\333\000i\000\040\000t\000h\000i\036\307\000u\000\040\000v\036\301\000\040\000C\000o\000n\000c\000e\000p\000t\000\040\000D\000r\000i\000f\000t}{chapter.2}% 13
\BOOKMARK [2][-]{subsection.2.1.1}{\376\377\000D\000e\000f\000i\000n\000i\000t\000i\000o\000n\000s\000\040\000a\000n\000d\000\040\000T\000e\000r\000m\000i\000n\000o\000l\000o\000g\000y}{section.2.1}% 14
\BOOKMARK [2][-]{subsection.2.1.2}{\376\377\000T\000y\000p\000e\000s\000\040\000o\000f\000\040\000C\000o\000n\000c\000e\000p\000t\000\040\000D\000r\000i\000f\000t}{section.2.1}% 15
\BOOKMARK [1][-]{section.2.2}{\376\377\000C\000o\000n\000c\000e\000p\000t\000\040\000D\000r\000i\000f\000t\000\040\000D\000e\000t\000e\000c\000t\000i\000o\000n\000\040\000M\000e\000t\000h\000o\000d\000s}{chapter.2}% 16
\BOOKMARK [2][-]{subsection.2.2.1}{\376\377\000S\000t\000a\000t\000i\000s\000t\000i\000c\000a\000l\000\040\000M\000e\000t\000h\000o\000d\000s}{section.2.2}% 17
\BOOKMARK [2][-]{subsection.2.2.2}{\376\377\000M\000o\000d\000e\000l\000-\000b\000a\000s\000e\000d\000\040\000M\000e\000t\000h\000o\000d\000s}{section.2.2}% 18
\BOOKMARK [2][-]{subsection.2.2.3}{\376\377\000I\000n\000f\000o\000r\000m\000a\000t\000i\000o\000n\000-\000t\000h\000e\000o\000r\000e\000t\000i\000c\000\040\000M\000e\000t\000h\000o\000d\000s}{section.2.2}% 19
\BOOKMARK [1][-]{section.2.3}{\376\377\000A\000d\000a\000p\000t\000a\000t\000i\000o\000n\000\040\000S\000t\000r\000a\000t\000e\000g\000i\000e\000s}{chapter.2}% 20
\BOOKMARK [2][-]{subsection.2.3.1}{\376\377\000M\000o\000d\000e\000l\000\040\000R\000e\000t\000r\000a\000i\000n\000i\000n\000g}{section.2.3}% 21
\BOOKMARK [2][-]{subsection.2.3.2}{\376\377\000E\000n\000s\000e\000m\000b\000l\000e\000\040\000M\000e\000t\000h\000o\000d\000s}{section.2.3}% 22
\BOOKMARK [2][-]{subsection.2.3.3}{\376\377\000W\000i\000n\000d\000o\000w\000-\000b\000a\000s\000e\000d\000\040\000A\000p\000p\000r\000o\000a\000c\000h\000e\000s}{section.2.3}% 23
\BOOKMARK [1][-]{section.2.4}{\376\377\000E\000v\000a\000l\000u\000a\000t\000i\000o\000n\000\040\000M\000e\000t\000r\000i\000c\000s\000\040\000a\000n\000d\000\040\000B\000e\000n\000c\000h\000m\000a\000r\000k\000s}{chapter.2}% 24
\BOOKMARK [2][-]{subsection.2.4.1}{\376\377\000D\000e\000t\000e\000c\000t\000i\000o\000n\000\040\000P\000e\000r\000f\000o\000r\000m\000a\000n\000c\000e\000\040\000M\000e\000t\000r\000i\000c\000s}{section.2.4}% 25
\BOOKMARK [2][-]{subsection.2.4.2}{\376\377\000A\000d\000a\000p\000t\000a\000t\000i\000o\000n\000\040\000P\000e\000r\000f\000o\000r\000m\000a\000n\000c\000e\000\040\000M\000e\000t\000r\000i\000c\000s}{section.2.4}% 26
\BOOKMARK [1][-]{section.2.5}{\376\377\000B\000e\000n\000c\000h\000m\000a\000r\000k\000\040\000D\000a\000t\000a\000s\000e\000t\000s\000\040\000a\000n\000d\000\040\000G\000e\000n\000e\000r\000a\000t\000o\000r\000s}{chapter.2}% 27
\BOOKMARK [2][-]{subsection.2.5.1}{\376\377\000S\000y\000n\000t\000h\000e\000t\000i\000c\000\040\000D\000a\000t\000a\000\040\000G\000e\000n\000e\000r\000a\000t\000o\000r\000s}{section.2.5}% 28
\BOOKMARK [2][-]{subsection.2.5.2}{\376\377\000R\000e\000a\000l\000-\000w\000o\000r\000l\000d\000\040\000D\000a\000t\000a\000s\000e\000t\000s}{section.2.5}% 29
\BOOKMARK [1][-]{section.2.6}{\376\377\000C\000u\000r\000r\000e\000n\000t\000\040\000L\000i\000m\000i\000t\000a\000t\000i\000o\000n\000s\000\040\000a\000n\000d\000\040\000R\000e\000s\000e\000a\000r\000c\000h\000\040\000G\000a\000p\000s}{chapter.2}% 30
\BOOKMARK [2][-]{subsection.2.6.1}{\376\377\000T\000h\000e\000o\000r\000e\000t\000i\000c\000a\000l\000\040\000L\000i\000m\000i\000t\000a\000t\000i\000o\000n\000s}{section.2.6}% 31
\BOOKMARK [2][-]{subsection.2.6.2}{\376\377\000M\000e\000t\000h\000o\000d\000o\000l\000o\000g\000i\000c\000a\000l\000\040\000G\000a\000p\000s}{section.2.6}% 32
\BOOKMARK [2][-]{subsection.2.6.3}{\376\377\000E\000v\000a\000l\000u\000a\000t\000i\000o\000n\000\040\000C\000h\000a\000l\000l\000e\000n\000g\000e\000s}{section.2.6}% 33
\BOOKMARK [1][-]{section.2.7}{\376\377\000S\000u\000m\000m\000a\000r\000y}{chapter.2}% 34
\BOOKMARK [0][-]{chapter.3}{\376\377\000P\000H\001\257\001\240\000N\000G\000\040\000P\000H\000\301\000P\000\040\000N\000G\000H\000I\000\312\000N\000\040\000C\036\350\000U}{}% 35
\BOOKMARK [1][-]{section.3.1}{\376\377\000C\000\341\000c\000h\000\040\000t\000i\036\277\000p\000\040\000c\036\255\000n\000\040\000n\000g\000h\000i\000\352\000n\000\040\000c\036\351\000u}{chapter.3}% 36
\BOOKMARK [1][-]{section.3.2}{\376\377\000T\000h\000e\000o\000r\000e\000t\000i\000c\000a\000l\000\040\000F\000o\000u\000n\000d\000a\000t\000i\000o\000n\000s\000\040\000o\000f\000\040\000S\000h\000a\000p\000e\000\040\000D\000r\000i\000f\000t\000\040\000D\000e\000t\000e\000c\000t\000o\000r}{chapter.3}% 37
\BOOKMARK [2][-]{subsection.3.2.1}{\376\377\000M\000a\000x\000i\000m\000u\000m\000\040\000M\000e\000a\000n\000\040\000D\000i\000s\000c\000r\000e\000p\000a\000n\000c\000y\000\040\000\050\000M\000M\000D\000\051}{section.3.2}% 38
\BOOKMARK [2][-]{subsection.3.2.2}{\376\377\000S\000h\000a\000p\000e\000\040\000D\000r\000i\000f\000t\000\040\000D\000e\000t\000e\000c\000t\000o\000r\000\040\000A\000l\000g\000o\000r\000i\000t\000h\000m}{section.3.2}% 39
\BOOKMARK [1][-]{section.3.3}{\376\377\000E\000n\000h\000a\000n\000c\000e\000d\000\040\000D\000r\000i\000f\000t\000\040\000D\000e\000t\000e\000c\000t\000i\000o\000n\000\040\000A\000l\000g\000o\000r\000i\000t\000h\000m\000s}{chapter.3}% 40
\BOOKMARK [2][-]{subsection.3.3.1}{\376\377\000S\000h\000a\000p\000e\000D\000D\000\040\000I\000m\000p\000l\000e\000m\000e\000n\000t\000a\000t\000i\000o\000n\000\040\000D\000e\000t\000a\000i\000l\000s}{section.3.3}% 41
\BOOKMARK [1][-]{section.3.4}{\376\377\000A\000d\000a\000p\000t\000a\000t\000i\000o\000n\000\040\000S\000t\000r\000a\000t\000e\000g\000y\000\040\000F\000r\000a\000m\000e\000w\000o\000r\000k}{chapter.3}% 42
\BOOKMARK [2][-]{subsection.3.4.1}{\376\377\000M\000e\000t\000a\000-\000L\000e\000a\000r\000n\000i\000n\000g\000\040\000A\000p\000p\000r\000o\000a\000c\000h}{section.3.4}% 43
\BOOKMARK [2][-]{subsection.3.4.2}{\376\377\000A\000d\000a\000p\000t\000i\000v\000e\000\040\000W\000i\000n\000d\000o\000w\000\040\000M\000a\000n\000a\000g\000e\000m\000e\000n\000t}{section.3.4}% 44
\BOOKMARK [1][-]{section.3.5}{\376\377\000E\000x\000p\000e\000r\000i\000m\000e\000n\000t\000a\000l\000\040\000D\000e\000s\000i\000g\000n}{chapter.3}% 45
\BOOKMARK [2][-]{subsection.3.5.1}{\376\377\000S\000y\000n\000t\000h\000e\000t\000i\000c\000\040\000D\000a\000t\000a\000s\000e\000t\000\040\000G\000e\000n\000e\000r\000a\000t\000i\000o\000n}{section.3.5}% 46
\BOOKMARK [2][-]{subsection.3.5.2}{\376\377\000E\000v\000a\000l\000u\000a\000t\000i\000o\000n\000\040\000P\000r\000o\000t\000o\000c\000o\000l}{section.3.5}% 47
\BOOKMARK [2][-]{subsection.3.5.3}{\376\377\000S\000t\000a\000t\000i\000s\000t\000i\000c\000a\000l\000\040\000A\000n\000a\000l\000y\000s\000i\000s}{section.3.5}% 48
\BOOKMARK [1][-]{section.3.6}{\376\377\000I\000m\000p\000l\000e\000m\000e\000n\000t\000a\000t\000i\000o\000n\000\040\000D\000e\000t\000a\000i\000l\000s}{chapter.3}% 49
\BOOKMARK [2][-]{subsection.3.6.1}{\376\377\000S\000o\000f\000t\000w\000a\000r\000e\000\040\000F\000r\000a\000m\000e\000w\000o\000r\000k}{section.3.6}% 50
\BOOKMARK [2][-]{subsection.3.6.2}{\376\377\000C\000o\000m\000p\000u\000t\000a\000t\000i\000o\000n\000a\000l\000\040\000I\000n\000f\000r\000a\000s\000t\000r\000u\000c\000t\000u\000r\000e}{section.3.6}% 51
\BOOKMARK [1][-]{section.3.7}{\376\377\000V\000a\000l\000i\000d\000a\000t\000i\000o\000n\000\040\000S\000t\000r\000a\000t\000e\000g\000y}{chapter.3}% 52
\BOOKMARK [2][-]{subsection.3.7.1}{\376\377\000C\000r\000o\000s\000s\000-\000v\000a\000l\000i\000d\000a\000t\000i\000o\000n\000\040\000f\000o\000r\000\040\000D\000r\000i\000f\000t\000\040\000D\000e\000t\000e\000c\000t\000i\000o\000n}{section.3.7}% 53
\BOOKMARK [2][-]{subsection.3.7.2}{\376\377\000R\000o\000b\000u\000s\000t\000n\000e\000s\000s\000\040\000T\000e\000s\000t\000i\000n\000g}{section.3.7}% 54
\BOOKMARK [1][-]{section.3.8}{\376\377\000E\000t\000h\000i\000c\000a\000l\000\040\000C\000o\000n\000s\000i\000d\000e\000r\000a\000t\000i\000o\000n\000s}{chapter.3}% 55
\BOOKMARK [2][-]{subsection.3.8.1}{\376\377\000D\000a\000t\000a\000\040\000P\000r\000i\000v\000a\000c\000y}{section.3.8}% 56
\BOOKMARK [2][-]{subsection.3.8.2}{\376\377\000R\000e\000p\000r\000o\000d\000u\000c\000i\000b\000i\000l\000i\000t\000y}{section.3.8}% 57
\BOOKMARK [1][-]{section.3.9}{\376\377\000S\000u\000m\000m\000a\000r\000y}{chapter.3}% 58
\BOOKMARK [0][-]{chapter.4}{\376\377\000K\036\276\000T\000\040\000Q\000U\036\242\000\040\000V\000\300\000\040\000T\000H\036\242\000O\000\040\000L\000U\036\254\000N}{}% 59
\BOOKMARK [1][-]{section.4.1}{\376\377\000G\000i\036\333\000i\000\040\000t\000h\000i\036\307\000u}{chapter.4}% 60
\BOOKMARK [1][-]{section.4.2}{\376\377\000E\000x\000p\000e\000r\000i\000m\000e\000n\000t\000a\000l\000\040\000S\000e\000t\000u\000p}{chapter.4}% 61
\BOOKMARK [2][-]{subsection.4.2.1}{\376\377\000S\000y\000n\000t\000h\000e\000t\000i\000c\000\040\000D\000a\000t\000a\000s\000e\000t\000\040\000C\000o\000n\000s\000t\000r\000u\000c\000t\000i\000o\000n}{section.4.2}% 62
\BOOKMARK [2][-]{subsection.4.2.2}{\376\377\000B\000a\000s\000e\000l\000i\000n\000e\000\040\000M\000e\000t\000h\000o\000d\000s}{section.4.2}% 63
\BOOKMARK [1][-]{section.4.3}{\376\377\000S\000h\000a\000p\000e\000D\000D\000\040\000P\000e\000r\000f\000o\000r\000m\000a\000n\000c\000e\000\040\000A\000n\000a\000l\000y\000s\000i\000s}{chapter.4}% 64
\BOOKMARK [2][-]{subsection.4.3.1}{\376\377\000A\000b\000r\000u\000p\000t\000\040\000D\000r\000i\000f\000t\000\040\000D\000e\000t\000e\000c\000t\000i\000o\000n\000\040\000R\000e\000s\000u\000l\000t\000s}{section.4.3}% 65
\BOOKMARK [2][-]{subsection.4.3.2}{\376\377\000I\000n\000c\000r\000e\000m\000e\000n\000t\000a\000l\000\040\000D\000r\000i\000f\000t\000\040\000D\000e\000t\000e\000c\000t\000i\000o\000n\000\040\000A\000n\000a\000l\000y\000s\000i\000s}{section.4.3}% 66
\BOOKMARK [2][-]{subsection.4.3.3}{\376\377\000F\000a\000l\000s\000e\000\040\000A\000l\000a\000r\000m\000\040\000A\000n\000a\000l\000y\000s\000i\000s}{section.4.3}% 67
\BOOKMARK [2][-]{subsection.4.3.4}{\376\377\000D\000e\000t\000e\000c\000t\000i\000o\000n\000\040\000D\000e\000l\000a\000y\000\040\000A\000s\000s\000e\000s\000s\000m\000e\000n\000t}{section.4.3}% 68
\BOOKMARK [1][-]{section.4.4}{\376\377\000A\000d\000a\000p\000t\000a\000t\000i\000o\000n\000\040\000S\000t\000r\000a\000t\000e\000g\000y\000\040\000E\000v\000a\000l\000u\000a\000t\000i\000o\000n}{chapter.4}% 69
\BOOKMARK [2][-]{subsection.4.4.1}{\376\377\000C\000l\000a\000s\000s\000i\000f\000i\000c\000a\000t\000i\000o\000n\000\040\000P\000e\000r\000f\000o\000r\000m\000a\000n\000c\000e}{section.4.4}% 70
\BOOKMARK [2][-]{subsection.4.4.2}{\376\377\000C\000o\000m\000p\000u\000t\000a\000t\000i\000o\000n\000a\000l\000\040\000E\000f\000f\000i\000c\000i\000e\000n\000c\000y}{section.4.4}% 71
\BOOKMARK [1][-]{section.4.5}{\376\377\000R\000e\000a\000l\000-\000w\000o\000r\000l\000d\000\040\000D\000a\000t\000a\000s\000e\000t\000\040\000A\000n\000a\000l\000y\000s\000i\000s}{chapter.4}% 72
\BOOKMARK [2][-]{subsection.4.5.1}{\376\377\000E\000l\000e\000c\000t\000r\000i\000c\000i\000t\000y\000\040\000M\000a\000r\000k\000e\000t\000\040\000D\000a\000t\000a\000s\000e\000t}{section.4.5}% 73
\BOOKMARK [2][-]{subsection.4.5.2}{\376\377\000S\000p\000a\000m\000\040\000D\000e\000t\000e\000c\000t\000i\000o\000n\000\040\000D\000a\000t\000a\000s\000e\000t}{section.4.5}% 74
\BOOKMARK [2][-]{subsection.4.5.3}{\376\377\000W\000e\000a\000t\000h\000e\000r\000\040\000P\000r\000e\000d\000i\000c\000t\000i\000o\000n\000\040\000D\000a\000t\000a\000s\000e\000t}{section.4.5}% 75
\BOOKMARK [1][-]{section.4.6}{\376\377\000A\000b\000l\000a\000t\000i\000o\000n\000\040\000S\000t\000u\000d\000i\000e\000s}{chapter.4}% 76
\BOOKMARK [2][-]{subsection.4.6.1}{\376\377\000C\000o\000m\000p\000o\000n\000e\000n\000t\000\040\000A\000n\000a\000l\000y\000s\000i\000s\000\040\000o\000f\000\040\000A\000S\000T}{section.4.6}% 77
\BOOKMARK [2][-]{subsection.4.6.2}{\376\377\000M\000e\000t\000a\000-\000l\000e\000a\000r\000n\000i\000n\000g\000\040\000F\000e\000a\000t\000u\000r\000e\000\040\000I\000m\000p\000o\000r\000t\000a\000n\000c\000e}{section.4.6}% 78
\BOOKMARK [1][-]{section.4.7}{\376\377\000S\000t\000a\000t\000i\000s\000t\000i\000c\000a\000l\000\040\000S\000i\000g\000n\000i\000f\000i\000c\000a\000n\000c\000e\000\040\000A\000n\000a\000l\000y\000s\000i\000s}{chapter.4}% 79
\BOOKMARK [2][-]{subsection.4.7.1}{\376\377\000H\000y\000p\000o\000t\000h\000e\000s\000i\000s\000\040\000T\000e\000s\000t\000i\000n\000g}{section.4.7}% 80
\BOOKMARK [2][-]{subsection.4.7.2}{\376\377\000E\000f\000f\000e\000c\000t\000\040\000S\000i\000z\000e\000\040\000A\000n\000a\000l\000y\000s\000i\000s}{section.4.7}% 81
\BOOKMARK [1][-]{section.4.8}{\376\377\000D\000i\000s\000c\000u\000s\000s\000i\000o\000n}{chapter.4}% 82
\BOOKMARK [2][-]{subsection.4.8.1}{\376\377\000T\000h\000e\000o\000r\000e\000t\000i\000c\000a\000l\000\040\000I\000m\000p\000l\000i\000c\000a\000t\000i\000o\000n\000s}{section.4.8}% 83
\BOOKMARK [2][-]{subsection.4.8.2}{\376\377\000P\000r\000a\000c\000t\000i\000c\000a\000l\000\040\000I\000m\000p\000l\000i\000c\000a\000t\000i\000o\000n\000s}{section.4.8}% 84
\BOOKMARK [2][-]{subsection.4.8.3}{\376\377\000L\000i\000m\000i\000t\000a\000t\000i\000o\000n\000s\000\040\000a\000n\000d\000\040\000C\000h\000a\000l\000l\000e\000n\000g\000e\000s}{section.4.8}% 85
\BOOKMARK [1][-]{section.4.9}{\376\377\000C\000o\000m\000p\000a\000r\000i\000s\000o\000n\000\040\000w\000i\000t\000h\000\040\000S\000t\000a\000t\000e\000-\000o\000f\000-\000t\000h\000e\000-\000A\000r\000t}{chapter.4}% 86
\BOOKMARK [1][-]{section.4.10}{\376\377\000S\000e\000n\000s\000i\000t\000i\000v\000i\000t\000y\000\040\000A\000n\000a\000l\000y\000s\000i\000s}{chapter.4}% 87
\BOOKMARK [2][-]{subsection.4.10.1}{\376\377\000P\000a\000r\000a\000m\000e\000t\000e\000r\000\040\000R\000o\000b\000u\000s\000t\000n\000e\000s\000s}{section.4.10}% 88
\BOOKMARK [2][-]{subsection.4.10.2}{\376\377\000N\000o\000i\000s\000e\000\040\000R\000o\000b\000u\000s\000t\000n\000e\000s\000s}{section.4.10}% 89
\BOOKMARK [1][-]{section.4.11}{\376\377\000S\000u\000m\000m\000a\000r\000y}{chapter.4}% 90
\BOOKMARK [0][-]{chapter.5}{\376\377\000K\036\276\000T\000\040\000L\000U\036\254\000N\000\040\000V\000\300\000\040\000H\001\257\036\336\000N\000G\000\040\000P\000H\000\301\000T\000\040\000T\000R\000I\036\302\000N}{}% 91
\BOOKMARK [1][-]{section.5.1}{\376\377\000T\036\325\000n\000g\000\040\000k\036\277\000t\000\040\001\021\000\363\000n\000g\000\040\000g\000\363\000p\000\040\000c\036\347\000a\000\040\000n\000g\000h\000i\000\352\000n\000\040\000c\036\351\000u}{chapter.5}% 92
\BOOKMARK [2][-]{subsection.5.1.1}{\376\377\000T\000h\000e\000o\000r\000e\000t\000i\000c\000a\000l\000\040\000C\000o\000n\000t\000r\000i\000b\000u\000t\000i\000o\000n\000s}{section.5.1}% 93
\BOOKMARK [2][-]{subsection.5.1.2}{\376\377\000M\000e\000t\000h\000o\000d\000o\000l\000o\000g\000i\000c\000a\000l\000\040\000C\000o\000n\000t\000r\000i\000b\000u\000t\000i\000o\000n\000s}{section.5.1}% 94
\BOOKMARK [2][-]{subsection.5.1.3}{\376\377\000E\000m\000p\000i\000r\000i\000c\000a\000l\000\040\000C\000o\000n\000t\000r\000i\000b\000u\000t\000i\000o\000n\000s}{section.5.1}% 95
\BOOKMARK [1][-]{section.5.2}{\376\377\000K\000e\000y\000\040\000F\000i\000n\000d\000i\000n\000g\000s\000\040\000a\000n\000d\000\040\000I\000n\000s\000i\000g\000h\000t\000s}{chapter.5}% 96
\BOOKMARK [2][-]{subsection.5.2.1}{\376\377\000D\000r\000i\000f\000t\000\040\000D\000e\000t\000e\000c\000t\000i\000o\000n\000\040\000I\000n\000s\000i\000g\000h\000t\000s}{section.5.2}% 97
\BOOKMARK [2][-]{subsection.5.2.2}{\376\377\000A\000d\000a\000p\000t\000a\000t\000i\000o\000n\000\040\000S\000t\000r\000a\000t\000e\000g\000y\000\040\000I\000n\000s\000i\000g\000h\000t\000s}{section.5.2}% 98
\BOOKMARK [2][-]{subsection.5.2.3}{\376\377\000R\000e\000a\000l\000-\000w\000o\000r\000l\000d\000\040\000A\000p\000p\000l\000i\000c\000a\000t\000i\000o\000n\000\040\000I\000n\000s\000i\000g\000h\000t\000s}{section.5.2}% 99
\BOOKMARK [1][-]{section.5.3}{\376\377\000L\000i\000m\000i\000t\000a\000t\000i\000o\000n\000s\000\040\000a\000n\000d\000\040\000C\000o\000n\000s\000t\000r\000a\000i\000n\000t\000s}{chapter.5}% 100
\BOOKMARK [2][-]{subsection.5.3.1}{\376\377\000M\000e\000t\000h\000o\000d\000o\000l\000o\000g\000i\000c\000a\000l\000\040\000L\000i\000m\000i\000t\000a\000t\000i\000o\000n\000s}{section.5.3}% 101
\BOOKMARK [2][-]{subsection.5.3.2}{\376\377\000E\000v\000a\000l\000u\000a\000t\000i\000o\000n\000\040\000L\000i\000m\000i\000t\000a\000t\000i\000o\000n\000s}{section.5.3}% 102
\BOOKMARK [1][-]{section.5.4}{\376\377\000B\000r\000o\000a\000d\000e\000r\000\040\000I\000m\000p\000a\000c\000t\000\040\000a\000n\000d\000\040\000A\000p\000p\000l\000i\000c\000a\000t\000i\000o\000n\000s}{chapter.5}% 103
\BOOKMARK [2][-]{subsection.5.4.1}{\376\377\000I\000n\000d\000u\000s\000t\000r\000i\000a\000l\000\040\000A\000p\000p\000l\000i\000c\000a\000t\000i\000o\000n\000s}{section.5.4}% 104
\BOOKMARK [2][-]{subsection.5.4.2}{\376\377\000S\000o\000c\000i\000e\000t\000a\000l\000\040\000I\000m\000p\000a\000c\000t}{section.5.4}% 105
\BOOKMARK [1][-]{section.5.5}{\376\377\000F\000u\000t\000u\000r\000e\000\040\000R\000e\000s\000e\000a\000r\000c\000h\000\040\000D\000i\000r\000e\000c\000t\000i\000o\000n\000s}{chapter.5}% 106
\BOOKMARK [2][-]{subsection.5.5.1}{\376\377\000T\000h\000e\000o\000r\000e\000t\000i\000c\000a\000l\000\040\000A\000d\000v\000a\000n\000c\000e\000s}{section.5.5}% 107
\BOOKMARK [2][-]{subsection.5.5.2}{\376\377\000M\000e\000t\000h\000o\000d\000o\000l\000o\000g\000i\000c\000a\000l\000\040\000D\000e\000v\000e\000l\000o\000p\000m\000e\000n\000t\000s}{section.5.5}% 108
\BOOKMARK [2][-]{subsection.5.5.3}{\376\377\000E\000v\000a\000l\000u\000a\000t\000i\000o\000n\000\040\000a\000n\000d\000\040\000B\000e\000n\000c\000h\000m\000a\000r\000k\000i\000n\000g}{section.5.5}% 109
\BOOKMARK [2][-]{subsection.5.5.4}{\376\377\000P\000r\000a\000c\000t\000i\000c\000a\000l\000\040\000A\000p\000p\000l\000i\000c\000a\000t\000i\000o\000n\000s}{section.5.5}% 110
\BOOKMARK [1][-]{section.5.6}{\376\377\000R\000e\000s\000e\000a\000r\000c\000h\000\040\000M\000e\000t\000h\000o\000d\000o\000l\000o\000g\000y\000\040\000I\000m\000p\000r\000o\000v\000e\000m\000e\000n\000t\000s}{chapter.5}% 111
\BOOKMARK [2][-]{subsection.5.6.1}{\376\377\000E\000x\000p\000e\000r\000i\000m\000e\000n\000t\000a\000l\000\040\000D\000e\000s\000i\000g\000n}{section.5.6}% 112
\BOOKMARK [2][-]{subsection.5.6.2}{\376\377\000R\000e\000p\000r\000o\000d\000u\000c\000i\000b\000i\000l\000i\000t\000y\000\040\000a\000n\000d\000\040\000O\000p\000e\000n\000\040\000S\000c\000i\000e\000n\000c\000e}{section.5.6}% 113
\BOOKMARK [1][-]{section.5.7}{\376\377\000F\000i\000n\000a\000l\000\040\000R\000e\000f\000l\000e\000c\000t\000i\000o\000n\000s}{chapter.5}% 114
\BOOKMARK [1][-]{section.5.8}{\376\377\000C\000o\000n\000c\000l\000u\000s\000i\000o\000n}{chapter.5}% 115
\BOOKMARK [0][-]{section.5.8}{\376\377\000T\000\300\000I\000\040\000L\000I\036\306\000U\000\040\000T\000H\000A\000M\000\040\000K\000H\036\242\000O}{}% 116
\BOOKMARK [0][-]{section.5.8}{\376\377\000P\000H\036\344\000\040\000L\036\344\000C}{}% 117
\BOOKMARK [0][-]{appendix.A}{\376\377\000P\000H\036\344\000\040\000L\036\344\000C}{}% 118
\BOOKMARK [1][-]{section.A.1}{\376\377\000M\000\343\000\040\000g\000i\036\243\000\040\000t\000h\000u\036\255\000t\000\040\000t\000o\000\341\000n}{appendix.A}% 119
\BOOKMARK [2][-]{subsection.A.1.1}{\376\377\000A\000d\000a\000p\000t\000i\000v\000e\000\040\000S\000t\000a\000t\000i\000s\000t\000i\000c\000a\000l\000\040\000T\000e\000s\000t\000\040\000\050\000A\000S\000T\000\051\000\040\000A\000l\000g\000o\000r\000i\000t\000h\000m}{section.A.1}% 120
\BOOKMARK [2][-]{subsection.A.1.2}{\376\377\000M\000e\000t\000a\000-\000L\000e\000a\000r\000n\000i\000n\000g\000\040\000A\000d\000a\000p\000t\000a\000t\000i\000o\000n\000\040\000F\000r\000a\000m\000e\000w\000o\000r\000k}{section.A.1}% 121
\BOOKMARK [1][-]{section.A.2}{\376\377\000D\000e\000t\000a\000i\000l\000e\000d\000\040\000E\000x\000p\000e\000r\000i\000m\000e\000n\000t\000a\000l\000\040\000R\000e\000s\000u\000l\000t\000s}{appendix.A}% 122
\BOOKMARK [2][-]{subsection.A.2.1}{\376\377\000C\000o\000m\000p\000l\000e\000t\000e\000\040\000P\000e\000r\000f\000o\000r\000m\000a\000n\000c\000e\000\040\000T\000a\000b\000l\000e\000s}{section.A.2}% 123
\BOOKMARK [2][-]{subsection.A.2.2}{\376\377\000S\000t\000a\000t\000i\000s\000t\000i\000c\000a\000l\000\040\000T\000e\000s\000t\000\040\000R\000e\000s\000u\000l\000t\000s}{section.A.2}% 124
\BOOKMARK [2][-]{subsection.A.2.3}{\376\377\000P\000a\000i\000r\000w\000i\000s\000e\000\040\000C\000o\000m\000p\000a\000r\000i\000s\000o\000n\000\040\000R\000e\000s\000u\000l\000t\000s\000\040\000\050\000N\000e\000m\000e\000n\000y\000i\000\040\000T\000e\000s\000t\000\051}{section.A.2}% 125
\BOOKMARK [1][-]{section.A.3}{\376\377\000S\000o\000f\000t\000w\000a\000r\000e\000\040\000I\000m\000p\000l\000e\000m\000e\000n\000t\000a\000t\000i\000o\000n\000\040\000D\000e\000t\000a\000i\000l\000s}{appendix.A}% 126
\BOOKMARK [2][-]{subsection.A.3.1}{\376\377\000S\000y\000s\000t\000e\000m\000\040\000A\000r\000c\000h\000i\000t\000e\000c\000t\000u\000r\000e}{section.A.3}% 127
\BOOKMARK [2][-]{subsection.A.3.2}{\376\377\000K\000e\000y\000\040\000I\000m\000p\000l\000e\000m\000e\000n\000t\000a\000t\000i\000o\000n\000\040\000C\000l\000a\000s\000s\000e\000s}{section.A.3}% 128
\BOOKMARK [2][-]{subsection.A.3.3}{\376\377\000P\000e\000r\000f\000o\000r\000m\000a\000n\000c\000e\000\040\000O\000p\000t\000i\000m\000i\000z\000a\000t\000i\000o\000n}{section.A.3}% 129
\BOOKMARK [1][-]{section.A.4}{\376\377\000M\000a\000t\000h\000e\000m\000a\000t\000i\000c\000a\000l\000\040\000P\000r\000o\000o\000f\000s\000\040\000a\000n\000d\000\040\000D\000e\000r\000i\000v\000a\000t\000i\000o\000n\000s}{appendix.A}% 130
\BOOKMARK [2][-]{subsection.A.4.1}{\376\377\000P\000r\000o\000o\000f\000\040\000o\000f\000\040\000A\000S\000T\000\040\000C\000o\000n\000v\000e\000r\000g\000e\000n\000c\000e}{section.A.4}% 131
\BOOKMARK [2][-]{subsection.A.4.2}{\376\377\000M\000e\000t\000a\000-\000L\000e\000a\000r\000n\000i\000n\000g\000\040\000C\000o\000m\000p\000l\000e\000x\000i\000t\000y\000\040\000A\000n\000a\000l\000y\000s\000i\000s}{section.A.4}% 132
\BOOKMARK [1][-]{section.A.5}{\376\377\000A\000d\000d\000i\000t\000i\000o\000n\000a\000l\000\040\000E\000x\000p\000e\000r\000i\000m\000e\000n\000t\000a\000l\000\040\000D\000a\000t\000a}{appendix.A}% 133
\BOOKMARK [2][-]{subsection.A.5.1}{\376\377\000H\000y\000p\000e\000r\000p\000a\000r\000a\000m\000e\000t\000e\000r\000\040\000S\000e\000n\000s\000i\000t\000i\000v\000i\000t\000y\000\040\000A\000n\000a\000l\000y\000s\000i\000s}{section.A.5}% 134
\BOOKMARK [2][-]{subsection.A.5.2}{\376\377\000S\000c\000a\000l\000a\000b\000i\000l\000i\000t\000y\000\040\000A\000n\000a\000l\000y\000s\000i\000s}{section.A.5}% 135
\BOOKMARK [1][-]{section.A.6}{\376\377\000D\000a\000t\000a\000s\000e\000t\000\040\000D\000e\000s\000c\000r\000i\000p\000t\000i\000o\000n\000s}{appendix.A}% 136
\BOOKMARK [2][-]{subsection.A.6.1}{\376\377\000S\000y\000n\000t\000h\000e\000t\000i\000c\000\040\000D\000a\000t\000a\000s\000e\000t\000s}{section.A.6}% 137
\BOOKMARK [2][-]{subsection.A.6.2}{\376\377\000R\000e\000a\000l\000-\000w\000o\000r\000l\000d\000\040\000D\000a\000t\000a\000s\000e\000t\000s}{section.A.6}% 138
\BOOKMARK [1][-]{section.A.7}{\376\377\000C\000o\000d\000e\000\040\000A\000v\000a\000i\000l\000a\000b\000i\000l\000i\000t\000y\000\040\000a\000n\000d\000\040\000R\000e\000p\000r\000o\000d\000u\000c\000i\000b\000i\000l\000i\000t\000y}{appendix.A}% 139
\BOOKMARK [2][-]{subsection.A.7.1}{\376\377\000R\000e\000p\000o\000s\000i\000t\000o\000r\000y\000\040\000S\000t\000r\000u\000c\000t\000u\000r\000e}{section.A.7}% 140
\BOOKMARK [2][-]{subsection.A.7.2}{\376\377\000I\000n\000s\000t\000a\000l\000l\000a\000t\000i\000o\000n\000\040\000a\000n\000d\000\040\000U\000s\000a\000g\000e}{section.A.7}% 141
\BOOKMARK [2][-]{subsection.A.7.3}{\376\377\000E\000x\000p\000e\000r\000i\000m\000e\000n\000t\000\040\000R\000e\000p\000r\000o\000d\000u\000c\000t\000i\000o\000n}{section.A.7}% 142
